[debug] [2024-08-03T13:14:15.184Z] ----------------------------------------------------------------------
[debug] [2024-08-03T13:14:15.212Z] Command:       C:\Program Files\nodejs\node.exe C:\Users\m66ts\AppData\Roaming\npm\node_modules\firebase-tools\lib\bin\firebase.js init
[debug] [2024-08-03T13:14:15.214Z] CLI Version:   13.7.3
[debug] [2024-08-03T13:14:15.215Z] Platform:      win32
[debug] [2024-08-03T13:14:15.215Z] Node Version:  v20.12.2
[debug] [2024-08-03T13:14:15.216Z] Time:          Sat Aug 03 2024 15:14:15 GMT+0200 (South Africa Standard Time)
[debug] [2024-08-03T13:14:15.216Z] ----------------------------------------------------------------------
[debug] 
[debug] [2024-08-03T13:14:15.227Z] >>> [apiv2][query] GET https://firebase-public.firebaseio.com/cli.json [none]
[debug] [2024-08-03T13:14:15.352Z] > command requires scopes: ["email","openid","https://www.googleapis.com/auth/cloudplatformprojects.readonly","https://www.googleapis.com/auth/firebase","https://www.googleapis.com/auth/cloud-platform"]
[debug] [2024-08-03T13:14:15.353Z] > authorizing via signed-in user (m66tshilidzi@gmail.com)
[info] 
     ######## #### ########  ######## ########     ###     ######  ########
     ##        ##  ##     ## ##       ##     ##  ##   ##  ##       ##
     ######    ##  ########  ######   ########  #########  ######  ######
     ##        ##  ##    ##  ##       ##     ## ##     ##       ## ##
     ##       #### ##     ## ######## ########  ##     ##  ######  ########

You're about to initialize a Firebase project in this directory:

  C:\Projects\hackaton

Before we get started, keep in mind:

  * You are currently outside your home directory

[debug] [2024-08-03T13:14:16.127Z] <<< [apiv2][status] GET https://firebase-public.firebaseio.com/cli.json 200
[debug] [2024-08-03T13:14:16.128Z] <<< [apiv2][body] GET https://firebase-public.firebaseio.com/cli.json {"cloudBuildErrorAfter":1594252800000,"cloudBuildWarnAfter":1590019200000,"defaultNode10After":1594252800000,"minVersion":"3.0.5","node8DeploysDisabledAfter":1613390400000,"node8RuntimeDisabledAfter":1615809600000,"node8WarnAfter":1600128000000}
[info] 
=== Project Setup
[info] 
[info] First, let's associate this project directory with a Firebase project.
[info] You can create multiple project aliases by running firebase use --add, 
[info] but for now we'll just set up a default project.
[info] 
[debug] [2024-08-03T13:18:34.884Z] > refreshing access token with scopes: []
[debug] [2024-08-03T13:18:34.887Z] >>> [apiv2][query] POST https://www.googleapis.com/oauth2/v3/token [none]
[debug] [2024-08-03T13:18:34.887Z] >>> [apiv2][body] POST https://www.googleapis.com/oauth2/v3/token [omitted]
[debug] [2024-08-03T13:18:35.353Z] <<< [apiv2][status] POST https://www.googleapis.com/oauth2/v3/token 200
[debug] [2024-08-03T13:18:35.354Z] <<< [apiv2][body] POST https://www.googleapis.com/oauth2/v3/token [omitted]
[debug] [2024-08-03T13:18:35.369Z] >>> [apiv2][query] GET https://firebase.googleapis.com/v1beta1/projects pageSize=100
[debug] [2024-08-03T13:18:36.124Z] <<< [apiv2][status] GET https://firebase.googleapis.com/v1beta1/projects 200
[debug] [2024-08-03T13:18:36.125Z] <<< [apiv2][body] GET https://firebase.googleapis.com/v1beta1/projects [omitted]
[info] i  Using project hackaton-c7f5d (Hackaton) 
[info] 
=== Hosting Setup
[debug] [2024-08-03T13:18:45.544Z] >>> [apiv2][query] GET https://firebase.googleapis.com/v1beta1/projects/hackaton-c7f5d [none]
[debug] [2024-08-03T13:18:46.135Z] <<< [apiv2][status] GET https://firebase.googleapis.com/v1beta1/projects/hackaton-c7f5d 200
[debug] [2024-08-03T13:18:46.135Z] <<< [apiv2][body] GET https://firebase.googleapis.com/v1beta1/projects/hackaton-c7f5d {"projectId":"hackaton-c7f5d","projectNumber":"817993972091","displayName":"Hackaton","name":"projects/hackaton-c7f5d","resources":{"hostingSite":"hackaton-c7f5d"},"state":"ACTIVE","etag":"1_6316f8e2-e25f-4acc-8dde-d3f399d9a938"}
[info] 
[info] Your public directory is the folder (relative to your project directory) that
[info] will contain Hosting assets to be uploaded with firebase deploy. If you
[info] have a build process for your assets, use your build's output directory.
[info] 
[info] +  Wrote public/404.html 
[debug] [2024-08-03T13:19:04.280Z] >>> [apiv2][query] GET https://www.gstatic.com/firebasejs/releases.json [none]
[debug] [2024-08-03T13:19:04.738Z] <<< [apiv2][status] GET https://www.gstatic.com/firebasejs/releases.json 200
[debug] [2024-08-03T13:19:04.739Z] <<< [apiv2][body] GET https://www.gstatic.com/firebasejs/releases.json {"current":{"version":"10.12.5","browserURL":"https://www.gstatic.com/firebasejs/10.12.5/firebase.js","packageURL":"https://www.gstatic.com/firebasejs/10.12.5/firebase.tgz"},"live":{"version":"10.12","browserURL":"https://www.gstatic.com/firebasejs/live/10.12/firebase.js","packageURL":"https://www.gstatic.com/firebasejs/live/10.12/firebase.tgz"},"components":{"analytics":"https://www.gstatic.com/firebasejs/10.12.5/firebase-analytics.js","app":"https://www.gstatic.com/firebasejs/10.12.5/firebase-app.js","app-check":"https://www.gstatic.com/firebasejs/10.12.5/firebase-app-check.js","auth":"https://www.gstatic.com/firebasejs/10.12.5/firebase-auth.js","auth/cordova":"https://www.gstatic.com/firebasejs/10.12.5/firebase-auth/cordova.js","auth/web-extension":"https://www.gstatic.com/firebasejs/10.12.5/firebase-auth/web-extension.js","functions":"https://www.gstatic.com/firebasejs/10.12.5/firebase-functions.js","firestore":"https://www.gstatic.com/firebasejs/10.12.5/firebase-firestore.js","firestore/lite":"https://www.gstatic.com/firebasejs/10.12.5/firebase-firestore/lite.js","installations":"https://www.gstatic.com/firebasejs/10.12.5/firebase-installations.js","storage":"https://www.gstatic.com/firebasejs/10.12.5/firebase-storage.js","performance":"https://www.gstatic.com/firebasejs/10.12.5/firebase-performance.js","remote-config":"https://www.gstatic.com/firebasejs/10.12.5/firebase-remote-config.js","messaging":"https://www.gstatic.com/firebasejs/10.12.5/firebase-messaging.js","messaging/sw":"https://www.gstatic.com/firebasejs/10.12.5/firebase-messaging/sw.js","database":"https://www.gstatic.com/firebasejs/10.12.5/firebase-database.js","vertexai-preview":"https://www.gstatic.com/firebasejs/10.12.5/firebase-vertexai-preview.js","firestore.memory":"https://www.gstatic.com/firebasejs/10.12.5/firebase-firestore.memory.js"}}
[info] +  Wrote public/index.html 
[info] 
[info] i  Detected a .git folder at C:\Projects\hackaton 
[info] i  Authorizing with GitHub to upload your service account to a GitHub repository's secrets store. 
[info] 
[info] Visit this URL on this device to log in:
[info] https://github.com/login/oauth/authorize?client_id=89cf50f02ac6aaed3484&state=486826143&redirect_uri=http%3A%2F%2Flocalhost%3A9005&scope=read%3Auser%20repo%20public_repo
[info] 
[info] Waiting for authentication...
[debug] [2024-08-03T13:19:15.880Z] >>> [apiv2][query] POST https://github.com/login/oauth/access_token [none]
[debug] [2024-08-03T13:19:15.880Z] >>> [apiv2][body] POST https://github.com/login/oauth/access_token [stream]
[debug] [2024-08-03T13:19:16.297Z] <<< [apiv2][status] POST https://github.com/login/oauth/access_token 200
[debug] [2024-08-03T13:19:16.297Z] <<< [apiv2][body] POST https://github.com/login/oauth/access_token {"access_token":"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","token_type":"bearer","scope":"read:user,repo"}
[debug] [2024-08-03T13:19:16.418Z] >>> [apiv2][query] GET https://api.github.com/user [none]
[debug] [2024-08-03T13:19:16.895Z] <<< [apiv2][status] GET https://api.github.com/user 200
[debug] [2024-08-03T13:19:16.896Z] <<< [apiv2][body] GET https://api.github.com/user {"login":"22000023","id":143604196,"node_id":"U_kgDOCI855A","avatar_url":"https://avatars.githubusercontent.com/u/143604196?v=4","gravatar_id":"","url":"https://api.github.com/users/22000023","html_url":"https://github.com/22000023","followers_url":"https://api.github.com/users/22000023/followers","following_url":"https://api.github.com/users/22000023/following{/other_user}","gists_url":"https://api.github.com/users/22000023/gists{/gist_id}","starred_url":"https://api.github.com/users/22000023/starred{/owner}{/repo}","subscriptions_url":"https://api.github.com/users/22000023/subscriptions","organizations_url":"https://api.github.com/users/22000023/orgs","repos_url":"https://api.github.com/users/22000023/repos","events_url":"https://api.github.com/users/22000023/events{/privacy}","received_events_url":"https://api.github.com/users/22000023/received_events","type":"User","site_admin":false,"name":null,"company":null,"blog":"","location":null,"email":null,"hireable":null,"bio":null,"twitter_username":null,"notification_email":null,"public_repos":7,"public_gists":0,"followers":0,"following":0,"created_at":"2023-08-30T10:22:32Z","updated_at":"2024-08-02T20:31:31Z","private_gists":0,"total_private_repos":1,"owned_private_repos":1,"disk_usage":1248,"collaborators":0,"two_factor_authentication":false,"plan":{"name":"free","space":976562499,"collaborators":0,"private_repos":10000}}
[info] 
[info] +  Success! Logged into GitHub as 22000023 
[info] 
